
Gurobi 6.0.4 (mac64) logging started Fri Jun 19 13:54:59 2015

Optimize a model with 10 rows, 55 columns and 100 nonzeros
Coefficient statistics:
  Matrix range    [1e+00, 1e+00]
  Objective range [1e+01, 1e+02]
  Bounds range    [1e+00, 1e+00]
  RHS range       [2e+00, 2e+00]
Presolve removed 0 rows and 10 columns
Presolve time: 0.01s
Presolved: 10 rows, 45 columns, 90 nonzeros
Variable types: 0 continuous, 45 integer (45 binary)

Root relaxation: objective 3.360275e+02, 18 iterations, 0.00 seconds

    Nodes    |    Current Node    |     Objective Bounds      |     Work
 Expl Unexpl |  Obj  Depth IntInf | Incumbent    BestBd   Gap | It/Node Time

*    0     0               0     348.1976399  348.19764  0.00%     -    0s

Cutting planes:
  Lazy constraints: 4

Explored 0 nodes (21 simplex iterations) in 0.02 seconds
Thread count was 2 (of 4 available processors)

Optimal solution found (tolerance 1.00e-04)
Best objective 3.481976398931e+02, best bound 3.481976398931e+02, gap 0.0%

Gurobi 6.0.4 (mac64) logging started Fri Jun 19 13:55:18 2015

Optimize a model with 50 rows, 1275 columns and 2500 nonzeros
Coefficient statistics:
  Matrix range    [1e+00, 1e+00]
  Objective range [2e+00, 1e+02]
  Bounds range    [1e+00, 1e+00]
  RHS range       [2e+00, 2e+00]
Presolve removed 0 rows and 50 columns
Presolve time: 0.01s
Presolved: 50 rows, 1225 columns, 2450 nonzeros
Variable types: 0 continuous, 1225 integer (1225 binary)

Root relaxation: objective 6.077396e+02, 81 iterations, 0.00 seconds

    Nodes    |    Current Node    |     Objective Bounds      |     Work
 Expl Unexpl |  Obj  Depth IntInf | Incumbent    BestBd   Gap | It/Node Time

     0     0  607.73959    0    6          -  607.73959      -     -    0s
     0     0  610.05588    0    6          -  610.05588      -     -    0s
     0     0  610.45410    0   14          -  610.45410      -     -    0s
     0     0  610.89321    0   18          -  610.89321      -     -    0s
     0     2  620.49678    0   21          -  620.49678      -     -    0s
*   30    13              19     641.5532358  622.56768  2.96%   3.5    0s
H  270    47                     633.2027189  625.07320  1.28%   3.2    0s

Cutting planes:
  Zero half: 6
  Lazy constraints: 23

Explored 595 nodes (1911 simplex iterations) in 0.22 seconds
Thread count was 2 (of 4 available processors)

Optimal solution found (tolerance 1.00e-04)
Best objective 6.332027188823e+02, best bound 6.332027188823e+02, gap 0.0%

Gurobi 6.0.4 (mac64) logging started Fri Jun 19 13:59:30 2015

Optimize a model with 3 rows, 6 columns and 9 nonzeros
Coefficient statistics:
  Matrix range    [1e+00, 1e+00]
  Objective range [1e+01, 7e+01]
  Bounds range    [1e+00, 1e+00]
  RHS range       [2e+00, 2e+00]
Found heuristic solution: objective 157.622
Presolve removed 3 rows and 6 columns
Presolve time: 0.01s

Explored 0 nodes (0 simplex iterations) in 0.01 seconds
Thread count was 1 (of 4 available processors)

Optimal solution found (tolerance 1.00e-04)
Best objective 1.576217091334e+02, best bound 1.576217091334e+02, gap 0.0%

Gurobi 6.0.4 (mac64) logging started Fri Jun 19 14:02:48 2015


Gurobi 6.0.4 (mac64) logging started Fri Jun 19 14:03:01 2015

Optimize a model with 3 rows, 6 columns and 9 nonzeros
Coefficient statistics:
  Matrix range    [1e+00, 1e+00]
  Objective range [1e+01, 7e+01]
  Bounds range    [1e+00, 1e+00]
  RHS range       [2e+00, 2e+00]
Found heuristic solution: objective 157.622
Presolve removed 3 rows and 6 columns
Presolve time: 0.00s

Explored 0 nodes (0 simplex iterations) in 0.00 seconds
Thread count was 1 (of 4 available processors)

Optimal solution found (tolerance 1.00e-04)
Best objective 1.576217091334e+02, best bound 1.576217091334e+02, gap 0.0%

Gurobi 6.0.4 (mac64) logging started Fri Jun 19 14:05:07 2015

Optimize a model with 3 rows, 6 columns and 9 nonzeros
Coefficient statistics:
  Matrix range    [1e+00, 1e+00]
  Objective range [1e+01, 7e+01]
  Bounds range    [1e+00, 1e+00]
  RHS range       [2e+00, 2e+00]
Found heuristic solution: objective 157.622
Presolve removed 3 rows and 6 columns
Presolve time: 0.00s

Explored 0 nodes (0 simplex iterations) in 0.00 seconds
Thread count was 1 (of 4 available processors)

Optimal solution found (tolerance 1.00e-04)
Best objective 1.576217091334e+02, best bound 1.576217091334e+02, gap 0.0%

Gurobi 6.0.4 (mac64) logging started Fri Jun 19 14:06:05 2015


Gurobi 6.0.4 (mac64) logging started Fri Jun 19 14:06:44 2015


Gurobi 6.0.4 (mac64) logging started Fri Jun 19 14:08:23 2015

Optimize a model with 3 rows, 6 columns and 9 nonzeros
Coefficient statistics:
  Matrix range    [1e+00, 1e+00]
  Objective range [1e+01, 7e+01]
  Bounds range    [1e+00, 1e+00]
  RHS range       [2e+00, 2e+00]
Found heuristic solution: objective 157.622
Presolve removed 3 rows and 6 columns
Presolve time: 0.00s

Explored 0 nodes (0 simplex iterations) in 0.00 seconds
Thread count was 1 (of 4 available processors)

Optimal solution found (tolerance 1.00e-04)
Best objective 1.576217091334e+02, best bound 1.576217091334e+02, gap 0.0%

Gurobi 6.0.4 (mac64) logging started Fri Jun 19 14:15:28 2015


Gurobi 6.0.4 (mac64) logging started Fri Jun 19 14:15:32 2015


Gurobi 6.0.4 (mac64) logging started Fri Jun 19 14:16:42 2015


Gurobi 6.0.4 (mac64) logging started Fri Jun 19 14:17:07 2015

Optimize a model with 3 rows, 6 columns and 9 nonzeros
Coefficient statistics:
  Matrix range    [1e+00, 1e+00]
  Objective range [1e+01, 7e+01]
  Bounds range    [1e+00, 1e+00]
  RHS range       [2e+00, 2e+00]
Found heuristic solution: objective 157.622
Presolve removed 3 rows and 6 columns
Presolve time: 0.00s

Explored 0 nodes (0 simplex iterations) in 0.00 seconds
Thread count was 1 (of 4 available processors)

Optimal solution found (tolerance 1.00e-04)
Best objective 1.576217091334e+02, best bound 1.576217091334e+02, gap 0.0%

Gurobi 6.0.4 (mac64) logging started Fri Jun 19 14:23:05 2015

Optimize a model with 3 rows, 6 columns and 9 nonzeros
Coefficient statistics:
  Matrix range    [1e+00, 1e+00]
  Objective range [1e+01, 7e+01]
  Bounds range    [1e+00, 1e+00]
  RHS range       [2e+00, 2e+00]
Found heuristic solution: objective 157.622
Presolve removed 3 rows and 6 columns
Presolve time: 0.00s

Explored 0 nodes (0 simplex iterations) in 0.00 seconds
Thread count was 1 (of 4 available processors)

Optimal solution found (tolerance 1.00e-04)
Best objective 1.576217091334e+02, best bound 1.576217091334e+02, gap 0.0%

Gurobi 6.0.4 (mac64) logging started Fri Jun 19 14:26:23 2015

Optimize a model with 3 rows, 6 columns and 9 nonzeros
Coefficient statistics:
  Matrix range    [1e+00, 1e+00]
  Objective range [1e+01, 7e+01]
  Bounds range    [1e+00, 1e+00]
  RHS range       [2e+00, 2e+00]
Found heuristic solution: objective 157.622
Presolve removed 3 rows and 6 columns
Presolve time: 0.00s

Explored 0 nodes (0 simplex iterations) in 0.00 seconds
Thread count was 1 (of 4 available processors)

Optimal solution found (tolerance 1.00e-04)
Best objective 1.576217091334e+02, best bound 1.576217091334e+02, gap 0.0%
Optimize a model with 3 rows, 6 columns and 9 nonzeros
Coefficient statistics:
  Matrix range    [1e+00, 1e+00]
  Objective range [1e+02, 5e+02]
  Bounds range    [1e+00, 1e+00]
  RHS range       [2e+00, 2e+00]
Found heuristic solution: objective 1029.88
Presolve removed 3 rows and 6 columns
Presolve time: 0.00s

Explored 0 nodes (0 simplex iterations) in 0.00 seconds
Thread count was 1 (of 4 available processors)

Optimal solution found (tolerance 1.00e-04)
Best objective 1.029879377993e+03, best bound 1.029879377993e+03, gap 0.0%
Optimize a model with 3 rows, 6 columns and 9 nonzeros
Coefficient statistics:
  Matrix range    [1e+00, 1e+00]
  Objective range [1e+02, 5e+02]
  Bounds range    [1e+00, 1e+00]
  RHS range       [2e+00, 2e+00]
Found heuristic solution: objective 1029.88
Presolve removed 3 rows and 6 columns
Presolve time: 0.00s

Explored 0 nodes (0 simplex iterations) in 0.00 seconds
Thread count was 1 (of 4 available processors)

Optimal solution found (tolerance 1.00e-04)
Best objective 1.029879377993e+03, best bound 1.029879377993e+03, gap 0.0%
Optimize a model with 5 rows, 15 columns and 25 nonzeros
Coefficient statistics:
  Matrix range    [1e+00, 1e+00]
  Objective range [1e+02, 5e+02]
  Bounds range    [1e+00, 1e+00]
  RHS range       [2e+00, 2e+00]
Found heuristic solution: objective 1339.09
Presolve removed 0 rows and 5 columns
Presolve time: 0.00s
Presolved: 5 rows, 10 columns, 20 nonzeros
Variable types: 0 continuous, 10 integer (10 binary)

Root relaxation: objective 1.158122e+03, 6 iterations, 0.00 seconds

    Nodes    |    Current Node    |     Objective Bounds      |     Work
 Expl Unexpl |  Obj  Depth IntInf | Incumbent    BestBd   Gap | It/Node Time

*    0     0               0    1158.1217245 1158.12172  0.00%     -    0s

Explored 0 nodes (6 simplex iterations) in 0.01 seconds
Thread count was 2 (of 4 available processors)

Optimal solution found (tolerance 1.00e-04)
Best objective 1.158121724535e+03, best bound 1.158121724535e+03, gap 0.0%
Optimize a model with 4 rows, 10 columns and 16 nonzeros
Coefficient statistics:
  Matrix range    [1e+00, 1e+00]
  Objective range [8e+01, 1e+02]
  Bounds range    [1e+00, 1e+00]
  RHS range       [2e+00, 2e+00]
Found heuristic solution: objective 442.002
Presolve removed 3 rows and 7 columns
Presolve time: 0.00s
Presolved: 1 rows, 3 columns, 3 nonzeros
Variable types: 0 continuous, 3 integer (3 binary)

Root relaxation: objective 3.577235e+02, 1 iterations, 0.00 seconds

    Nodes    |    Current Node    |     Objective Bounds      |     Work
 Expl Unexpl |  Obj  Depth IntInf | Incumbent    BestBd   Gap | It/Node Time

*    0     0               0     357.7235341  357.72353  0.00%     -    0s

Explored 0 nodes (1 simplex iterations) in 0.00 seconds
Thread count was 2 (of 4 available processors)

Optimal solution found (tolerance 1.00e-04)
Best objective 3.577235340977e+02, best bound 3.577235340977e+02, gap 0.0%
Optimize a model with 4 rows, 10 columns and 16 nonzeros
Coefficient statistics:
  Matrix range    [1e+00, 1e+00]
  Objective range [8e+01, 1e+02]
  Bounds range    [1e+00, 1e+00]
  RHS range       [2e+00, 2e+00]
Found heuristic solution: objective 442.002
Presolve removed 3 rows and 7 columns
Presolve time: 0.00s
Presolved: 1 rows, 3 columns, 3 nonzeros
Variable types: 0 continuous, 3 integer (3 binary)

Root relaxation: objective 3.577235e+02, 1 iterations, 0.00 seconds

    Nodes    |    Current Node    |     Objective Bounds      |     Work
 Expl Unexpl |  Obj  Depth IntInf | Incumbent    BestBd   Gap | It/Node Time

*    0     0               0     357.7235341  357.72353  0.00%     -    0s

Explored 0 nodes (1 simplex iterations) in 0.00 seconds
Thread count was 2 (of 4 available processors)

Optimal solution found (tolerance 1.00e-04)
Best objective 3.577235340977e+02, best bound 3.577235340977e+02, gap 0.0%
Optimize a model with 4 rows, 10 columns and 16 nonzeros
Coefficient statistics:
  Matrix range    [1e+00, 1e+00]
  Objective range [8e+01, 3e+02]
  Bounds range    [1e+00, 1e+00]
  RHS range       [2e+00, 2e+00]
Found heuristic solution: objective 630.077
Presolve removed 3 rows and 7 columns
Presolve time: 0.00s
Presolved: 1 rows, 3 columns, 3 nonzeros
Variable types: 0 continuous, 3 integer (3 binary)

Root relaxation: objective 6.281279e+02, 1 iterations, 0.00 seconds

    Nodes    |    Current Node    |     Objective Bounds      |     Work
 Expl Unexpl |  Obj  Depth IntInf | Incumbent    BestBd   Gap | It/Node Time

*    0     0               0     628.1279136  628.12791  0.00%     -    0s

Explored 0 nodes (1 simplex iterations) in 0.00 seconds
Thread count was 2 (of 4 available processors)

Optimal solution found (tolerance 1.00e-04)
Best objective 6.281279136410e+02, best bound 6.281279136410e+02, gap 0.0%
Optimize a model with 3 rows, 6 columns and 9 nonzeros
Coefficient statistics:
  Matrix range    [1e+00, 1e+00]
  Objective range [6e+01, 1e+02]
  Bounds range    [1e+00, 1e+00]
  RHS range       [2e+00, 2e+00]
Found heuristic solution: objective 266.836
Presolve removed 3 rows and 6 columns
Presolve time: 0.00s

Explored 0 nodes (0 simplex iterations) in 0.00 seconds
Thread count was 1 (of 4 available processors)

Optimal solution found (tolerance 1.00e-04)
Best objective 2.668355075353e+02, best bound 2.668355075353e+02, gap 0.0%
Optimize a model with 1 rows, 1 columns and 1 nonzeros
Coefficient statistics:
  Matrix range    [1e+00, 1e+00]
  Objective range [0e+00, 0e+00]
  Bounds range    [0e+00, 0e+00]
  RHS range       [2e+00, 2e+00]
Presolve removed 0 rows and 1 columns
Presolve time: 0.00s

Explored 0 nodes (0 simplex iterations) in 0.00 seconds
Thread count was 1 (of 4 available processors)

Model is infeasible
Best objective -, best bound -, gap -
Optimize a model with 1 rows, 1 columns and 1 nonzeros
Coefficient statistics:
  Matrix range    [1e+00, 1e+00]
  Objective range [0e+00, 0e+00]
  Bounds range    [0e+00, 0e+00]
  RHS range       [2e+00, 2e+00]
Presolve removed 0 rows and 1 columns
Presolve time: 0.00s

Explored 0 nodes (0 simplex iterations) in 0.00 seconds
Thread count was 1 (of 4 available processors)

Model is infeasible
Best objective -, best bound -, gap -

Gurobi 6.0.4 (mac64) logging started Fri Jun 19 14:55:25 2015

Optimize a model with 3 rows, 6 columns and 9 nonzeros
Coefficient statistics:
  Matrix range    [1e+00, 1e+00]
  Objective range [1e+01, 7e+01]
  Bounds range    [1e+00, 1e+00]
  RHS range       [2e+00, 2e+00]
Found heuristic solution: objective 157.622
Presolve removed 3 rows and 6 columns
Presolve time: 0.00s

Explored 0 nodes (0 simplex iterations) in 0.00 seconds
Thread count was 1 (of 4 available processors)

Optimal solution found (tolerance 1.00e-04)
Best objective 1.576217091334e+02, best bound 1.576217091334e+02, gap 0.0%

Gurobi 6.0.4 (mac64) logging started Fri Jun 19 15:04:10 2015

Optimize a model with 3 rows, 6 columns and 9 nonzeros
Coefficient statistics:
  Matrix range    [1e+00, 1e+00]
  Objective range [1e+01, 7e+01]
  Bounds range    [1e+00, 1e+00]
  RHS range       [2e+00, 2e+00]
Found heuristic solution: objective 157.622
Presolve removed 3 rows and 6 columns
Presolve time: 0.00s

Explored 0 nodes (0 simplex iterations) in 0.00 seconds
Thread count was 1 (of 4 available processors)

Optimal solution found (tolerance 1.00e-04)
Best objective 1.576217091334e+02, best bound 1.576217091334e+02, gap 0.0%
Optimize a model with 3 rows, 6 columns and 9 nonzeros
Coefficient statistics:
  Matrix range    [1e+00, 1e+00]
  Objective range [2e+02, 4e+02]
  Bounds range    [1e+00, 1e+00]
  RHS range       [2e+00, 2e+00]
Found heuristic solution: objective 870.243
Presolve removed 3 rows and 6 columns
Presolve time: 0.00s

Explored 0 nodes (0 simplex iterations) in 0.00 seconds
Thread count was 1 (of 4 available processors)

Optimal solution found (tolerance 1.00e-04)
Best objective 8.702425646647e+02, best bound 8.702425646647e+02, gap 0.0%
Optimize a model with 4 rows, 10 columns and 16 nonzeros
Coefficient statistics:
  Matrix range    [1e+00, 1e+00]
  Objective range [4e+01, 3e+02]
  Bounds range    [1e+00, 1e+00]
  RHS range       [2e+00, 2e+00]
Found heuristic solution: objective 769.3
Presolve removed 3 rows and 7 columns
Presolve time: 0.00s
Presolved: 1 rows, 3 columns, 3 nonzeros
Variable types: 0 continuous, 3 integer (3 binary)

Root relaxation: objective 7.066517e+02, 1 iterations, 0.00 seconds

    Nodes    |    Current Node    |     Objective Bounds      |     Work
 Expl Unexpl |  Obj  Depth IntInf | Incumbent    BestBd   Gap | It/Node Time

*    0     0               0     706.6517254  706.65173  0.00%     -    0s

Explored 0 nodes (1 simplex iterations) in 0.00 seconds
Thread count was 2 (of 4 available processors)

Optimal solution found (tolerance 1.00e-04)
Best objective 7.066517254465e+02, best bound 7.066517254465e+02, gap 0.0%
Optimize a model with 4 rows, 10 columns and 16 nonzeros
Coefficient statistics:
  Matrix range    [1e+00, 1e+00]
  Objective range [6e+01, 2e+02]
  Bounds range    [1e+00, 1e+00]
  RHS range       [2e+00, 2e+00]
Found heuristic solution: objective 697.524
Presolve removed 3 rows and 7 columns
Presolve time: 0.00s
Presolved: 1 rows, 3 columns, 3 nonzeros
Variable types: 0 continuous, 3 integer (3 binary)

Root relaxation: objective 4.772157e+02, 1 iterations, 0.00 seconds

    Nodes    |    Current Node    |     Objective Bounds      |     Work
 Expl Unexpl |  Obj  Depth IntInf | Incumbent    BestBd   Gap | It/Node Time

*    0     0               0     477.2157179  477.21572  0.00%     -    0s

Explored 0 nodes (1 simplex iterations) in 0.00 seconds
Thread count was 2 (of 4 available processors)

Optimal solution found (tolerance 1.00e-04)
Best objective 4.772157178521e+02, best bound 4.772157178521e+02, gap 0.0%
Optimize a model with 3 rows, 6 columns and 9 nonzeros
Coefficient statistics:
  Matrix range    [1e+00, 1e+00]
  Objective range [8e+01, 1e+02]
  Bounds range    [1e+00, 1e+00]
  RHS range       [2e+00, 2e+00]
Found heuristic solution: objective 333.292
Presolve removed 3 rows and 6 columns
Presolve time: 0.00s

Explored 0 nodes (0 simplex iterations) in 0.00 seconds
Thread count was 1 (of 4 available processors)

Optimal solution found (tolerance 1.00e-04)
Best objective 3.332920672349e+02, best bound 3.332920672349e+02, gap 0.0%
Optimize a model with 1 rows, 1 columns and 1 nonzeros
Coefficient statistics:
  Matrix range    [1e+00, 1e+00]
  Objective range [0e+00, 0e+00]
  Bounds range    [0e+00, 0e+00]
  RHS range       [2e+00, 2e+00]
Presolve removed 0 rows and 1 columns
Presolve time: 0.00s

Explored 0 nodes (0 simplex iterations) in 0.00 seconds
Thread count was 1 (of 4 available processors)

Model is infeasible
Best objective -, best bound -, gap -

Gurobi 6.0.4 (mac64) logging started Fri Jun 19 15:18:09 2015

Optimize a model with 3 rows, 6 columns and 9 nonzeros
Coefficient statistics:
  Matrix range    [1e+00, 1e+00]
  Objective range [1e+01, 7e+01]
  Bounds range    [1e+00, 1e+00]
  RHS range       [2e+00, 2e+00]
Found heuristic solution: objective 157.622
Presolve removed 3 rows and 6 columns
Presolve time: 0.00s

Explored 0 nodes (0 simplex iterations) in 0.00 seconds
Thread count was 1 (of 4 available processors)

Optimal solution found (tolerance 1.00e-04)
Best objective 1.576217091334e+02, best bound 1.576217091334e+02, gap 0.0%

Gurobi 6.0.4 (mac64) logging started Fri Jun 19 15:20:17 2015

Optimize a model with 3 rows, 6 columns and 9 nonzeros
Coefficient statistics:
  Matrix range    [1e+00, 1e+00]
  Objective range [1e+01, 7e+01]
  Bounds range    [1e+00, 1e+00]
  RHS range       [2e+00, 2e+00]
Found heuristic solution: objective 157.622
Presolve removed 3 rows and 6 columns
Presolve time: 0.00s

Explored 0 nodes (0 simplex iterations) in 0.00 seconds
Thread count was 1 (of 4 available processors)

Optimal solution found (tolerance 1.00e-04)
Best objective 1.576217091334e+02, best bound 1.576217091334e+02, gap 0.0%
Optimize a model with 4 rows, 10 columns and 16 nonzeros
Coefficient statistics:
  Matrix range    [1e+00, 1e+00]
  Objective range [1e+02, 3e+02]
  Bounds range    [1e+00, 1e+00]
  RHS range       [2e+00, 2e+00]
Found heuristic solution: objective 729.343
Presolve removed 3 rows and 7 columns
Presolve time: 0.00s
Presolved: 1 rows, 3 columns, 3 nonzeros
Variable types: 0 continuous, 3 integer (3 binary)

Root relaxation: objective 6.120353e+02, 1 iterations, 0.00 seconds

    Nodes    |    Current Node    |     Objective Bounds      |     Work
 Expl Unexpl |  Obj  Depth IntInf | Incumbent    BestBd   Gap | It/Node Time

*    0     0               0     612.0353357  612.03534  0.00%     -    0s

Explored 0 nodes (1 simplex iterations) in 0.00 seconds
Thread count was 2 (of 4 available processors)

Optimal solution found (tolerance 1.00e-04)
Best objective 6.120353357436e+02, best bound 6.120353357436e+02, gap 0.0%
Optimize a model with 4 rows, 10 columns and 16 nonzeros
Coefficient statistics:
  Matrix range    [1e+00, 1e+00]
  Objective range [8e+01, 2e+02]
  Bounds range    [1e+00, 1e+00]
  RHS range       [2e+00, 2e+00]
Found heuristic solution: objective 487.137
Presolve removed 3 rows and 7 columns
Presolve time: 0.00s
Presolved: 1 rows, 3 columns, 3 nonzeros
Variable types: 0 continuous, 3 integer (3 binary)

Root relaxation: objective 4.283067e+02, 1 iterations, 0.00 seconds

    Nodes    |    Current Node    |     Objective Bounds      |     Work
 Expl Unexpl |  Obj  Depth IntInf | Incumbent    BestBd   Gap | It/Node Time

*    0     0               0     428.3066638  428.30666  0.00%     -    0s

Explored 0 nodes (1 simplex iterations) in 0.00 seconds
Thread count was 2 (of 4 available processors)

Optimal solution found (tolerance 1.00e-04)
Best objective 4.283066637612e+02, best bound 4.283066637612e+02, gap 0.0%
Optimize a model with 5 rows, 15 columns and 25 nonzeros
Coefficient statistics:
  Matrix range    [1e+00, 1e+00]
  Objective range [9e+01, 3e+02]
  Bounds range    [1e+00, 1e+00]
  RHS range       [2e+00, 2e+00]
Found heuristic solution: objective 946.193
Presolve removed 0 rows and 5 columns
Presolve time: 0.00s
Presolved: 5 rows, 10 columns, 20 nonzeros
Variable types: 0 continuous, 10 integer (10 binary)

Root relaxation: objective 8.753020e+02, 5 iterations, 0.00 seconds

    Nodes    |    Current Node    |     Objective Bounds      |     Work
 Expl Unexpl |  Obj  Depth IntInf | Incumbent    BestBd   Gap | It/Node Time

*    0     0               0     875.3019653  875.30197  0.00%     -    0s

Explored 0 nodes (5 simplex iterations) in 0.00 seconds
Thread count was 2 (of 4 available processors)

Optimal solution found (tolerance 1.00e-04)
Best objective 8.753019652637e+02, best bound 8.753019652637e+02, gap 0.0%
Optimize a model with 5 rows, 15 columns and 25 nonzeros
Coefficient statistics:
  Matrix range    [1e+00, 1e+00]
  Objective range [1e+02, 5e+02]
  Bounds range    [1e+00, 1e+00]
  RHS range       [2e+00, 2e+00]
Found heuristic solution: objective 1089.84
Presolve removed 0 rows and 5 columns
Presolve time: 0.00s
Presolved: 5 rows, 10 columns, 20 nonzeros
Variable types: 0 continuous, 10 integer (10 binary)

Root relaxation: cutoff, 4 iterations, 0.00 seconds

    Nodes    |    Current Node    |     Objective Bounds      |     Work
 Expl Unexpl |  Obj  Depth IntInf | Incumbent    BestBd   Gap | It/Node Time

     0     0     cutoff    0      1089.83529 1089.83529  0.00%     -    0s

Explored 0 nodes (4 simplex iterations) in 0.00 seconds
Thread count was 2 (of 4 available processors)

Optimal solution found (tolerance 1.00e-04)
Best objective 1.089835291231e+03, best bound 1.089835291231e+03, gap 0.0%

Gurobi 6.0.4 (mac64) logging started Fri Jun 19 15:31:37 2015

Optimize a model with 3 rows, 6 columns and 9 nonzeros
Coefficient statistics:
  Matrix range    [1e+00, 1e+00]
  Objective range [1e+01, 7e+01]
  Bounds range    [1e+00, 1e+00]
  RHS range       [2e+00, 2e+00]
Found heuristic solution: objective 157.622
Presolve removed 3 rows and 6 columns
Presolve time: 0.00s

Explored 0 nodes (0 simplex iterations) in 0.00 seconds
Thread count was 1 (of 4 available processors)

Optimal solution found (tolerance 1.00e-04)
Best objective 1.576217091334e+02, best bound 1.576217091334e+02, gap 0.0%

Gurobi 6.0.4 (mac64) logging started Fri Jun 19 15:32:47 2015

Optimize a model with 3 rows, 6 columns and 9 nonzeros
Coefficient statistics:
  Matrix range    [1e+00, 1e+00]
  Objective range [1e+01, 7e+01]
  Bounds range    [1e+00, 1e+00]
  RHS range       [2e+00, 2e+00]
Found heuristic solution: objective 157.622
Presolve removed 3 rows and 6 columns
Presolve time: 0.01s

Explored 0 nodes (0 simplex iterations) in 0.01 seconds
Thread count was 1 (of 4 available processors)

Optimal solution found (tolerance 1.00e-04)
Best objective 1.576217091334e+02, best bound 1.576217091334e+02, gap 0.0%
Optimize a model with 5 rows, 15 columns and 25 nonzeros
Coefficient statistics:
  Matrix range    [1e+00, 1e+00]
  Objective range [4e+01, 2e+02]
  Bounds range    [1e+00, 1e+00]
  RHS range       [2e+00, 2e+00]
Found heuristic solution: objective 520.294
Presolve removed 0 rows and 5 columns
Presolve time: 0.00s
Presolved: 5 rows, 10 columns, 20 nonzeros
Variable types: 0 continuous, 10 integer (10 binary)

Root relaxation: objective 4.382354e+02, 7 iterations, 0.00 seconds

    Nodes    |    Current Node    |     Objective Bounds      |     Work
 Expl Unexpl |  Obj  Depth IntInf | Incumbent    BestBd   Gap | It/Node Time

*    0     0               0     438.2353708  438.23537  0.00%     -    0s

Explored 0 nodes (7 simplex iterations) in 0.00 seconds
Thread count was 2 (of 4 available processors)

Optimal solution found (tolerance 1.00e-04)
Best objective 4.382353707831e+02, best bound 4.382353707831e+02, gap 0.0%
Optimize a model with 6 rows, 21 columns and 36 nonzeros
Coefficient statistics:
  Matrix range    [1e+00, 1e+00]
  Objective range [4e+01, 2e+02]
  Bounds range    [1e+00, 1e+00]
  RHS range       [2e+00, 2e+00]
Found heuristic solution: objective 614.733
Presolve removed 0 rows and 6 columns
Presolve time: 0.00s
Presolved: 6 rows, 15 columns, 30 nonzeros
Variable types: 0 continuous, 15 integer (15 binary)

Root relaxation: objective 5.082524e+02, 9 iterations, 0.00 seconds

    Nodes    |    Current Node    |     Objective Bounds      |     Work
 Expl Unexpl |  Obj  Depth IntInf | Incumbent    BestBd   Gap | It/Node Time

*    0     0               0     508.2523830  508.25238  0.00%     -    0s

Explored 0 nodes (9 simplex iterations) in 0.00 seconds
Thread count was 2 (of 4 available processors)

Optimal solution found (tolerance 1.00e-04)
Best objective 5.082523829794e+02, best bound 5.082523829794e+02, gap 0.0%
Optimize a model with 1 rows, 1 columns and 1 nonzeros
Coefficient statistics:
  Matrix range    [1e+00, 1e+00]
  Objective range [0e+00, 0e+00]
  Bounds range    [0e+00, 0e+00]
  RHS range       [2e+00, 2e+00]
Presolve removed 0 rows and 1 columns
Presolve time: 0.00s

Explored 0 nodes (0 simplex iterations) in 0.00 seconds
Thread count was 1 (of 4 available processors)

Model is infeasible
Best objective -, best bound -, gap -

Gurobi 6.0.4 (mac64) logging started Fri Jun 19 15:37:08 2015

Optimize a model with 3 rows, 6 columns and 9 nonzeros
Coefficient statistics:
  Matrix range    [1e+00, 1e+00]
  Objective range [1e+01, 7e+01]
  Bounds range    [1e+00, 1e+00]
  RHS range       [2e+00, 2e+00]
Found heuristic solution: objective 157.622
Presolve removed 3 rows and 6 columns
Presolve time: 0.00s

Explored 0 nodes (0 simplex iterations) in 0.00 seconds
Thread count was 1 (of 4 available processors)

Optimal solution found (tolerance 1.00e-04)
Best objective 1.576217091334e+02, best bound 1.576217091334e+02, gap 0.0%
Optimize a model with 4 rows, 10 columns and 16 nonzeros
Coefficient statistics:
  Matrix range    [1e+00, 1e+00]
  Objective range [4e+01, 1e+02]
  Bounds range    [1e+00, 1e+00]
  RHS range       [2e+00, 2e+00]
Found heuristic solution: objective 332.654
Presolve removed 3 rows and 7 columns
Presolve time: 0.00s
Presolved: 1 rows, 3 columns, 3 nonzeros
Variable types: 0 continuous, 3 integer (3 binary)

Root relaxation: objective 2.847952e+02, 1 iterations, 0.00 seconds

    Nodes    |    Current Node    |     Objective Bounds      |     Work
 Expl Unexpl |  Obj  Depth IntInf | Incumbent    BestBd   Gap | It/Node Time

*    0     0               0     284.7952368  284.79524  0.00%     -    0s

Explored 0 nodes (1 simplex iterations) in 0.00 seconds
Thread count was 2 (of 4 available processors)

Optimal solution found (tolerance 1.00e-04)
Best objective 2.847952368213e+02, best bound 2.847952368213e+02, gap 0.0%
Optimize a model with 4 rows, 10 columns and 16 nonzeros
Coefficient statistics:
  Matrix range    [1e+00, 1e+00]
  Objective range [7e+01, 1e+02]
  Bounds range    [1e+00, 1e+00]
  RHS range       [2e+00, 2e+00]
Found heuristic solution: objective 313.928
Presolve removed 3 rows and 7 columns
Presolve time: 0.00s
Presolved: 1 rows, 3 columns, 3 nonzeros
Variable types: 0 continuous, 3 integer (3 binary)

Root relaxation: cutoff, 0 iterations, 0.00 seconds

Explored 0 nodes (0 simplex iterations) in 0.00 seconds
Thread count was 2 (of 4 available processors)

Optimal solution found (tolerance 1.00e-04)
Best objective 3.139275395660e+02, best bound 3.139275395660e+02, gap 0.0%
Optimize a model with 7 rows, 28 columns and 49 nonzeros
Coefficient statistics:
  Matrix range    [1e+00, 1e+00]
  Objective range [4e+01, 4e+02]
  Bounds range    [1e+00, 1e+00]
  RHS range       [2e+00, 2e+00]
Found heuristic solution: objective 1434.1
Presolve removed 0 rows and 7 columns
Presolve time: 0.00s
Presolved: 7 rows, 21 columns, 42 nonzeros
Variable types: 0 continuous, 21 integer (21 binary)

Root relaxation: objective 9.378817e+02, 8 iterations, 0.00 seconds

    Nodes    |    Current Node    |     Objective Bounds      |     Work
 Expl Unexpl |  Obj  Depth IntInf | Incumbent    BestBd   Gap | It/Node Time

*    0     0               0     937.8817063  937.88171  0.00%     -    0s

Explored 0 nodes (8 simplex iterations) in 0.00 seconds
Thread count was 2 (of 4 available processors)

Optimal solution found (tolerance 1.00e-04)
Best objective 9.378817062518e+02, best bound 9.378817062518e+02, gap 0.0%

Gurobi 6.0.4 (mac64) logging started Fri Jun 19 15:45:05 2015

Optimize a model with 3 rows, 6 columns and 9 nonzeros
Coefficient statistics:
  Matrix range    [1e+00, 1e+00]
  Objective range [1e+01, 7e+01]
  Bounds range    [1e+00, 1e+00]
  RHS range       [2e+00, 2e+00]
Found heuristic solution: objective 157.622
Presolve removed 3 rows and 6 columns
Presolve time: 0.01s

Explored 0 nodes (0 simplex iterations) in 0.01 seconds
Thread count was 1 (of 4 available processors)

Optimal solution found (tolerance 1.00e-04)
Best objective 1.576217091334e+02, best bound 1.576217091334e+02, gap 0.0%
Optimize a model with 7 rows, 28 columns and 49 nonzeros
Coefficient statistics:
  Matrix range    [1e+00, 1e+00]
  Objective range [2e+01, 1e+02]
  Bounds range    [1e+00, 1e+00]
  RHS range       [2e+00, 2e+00]
Found heuristic solution: objective 571.38
Presolve removed 0 rows and 7 columns
Presolve time: 0.00s
Presolved: 7 rows, 21 columns, 42 nonzeros
Variable types: 0 continuous, 21 integer (21 binary)

Root relaxation: objective 3.956424e+02, 11 iterations, 0.00 seconds

    Nodes    |    Current Node    |     Objective Bounds      |     Work
 Expl Unexpl |  Obj  Depth IntInf | Incumbent    BestBd   Gap | It/Node Time

*    0     0               0     395.6424485  395.64245  0.00%     -    0s

Explored 0 nodes (11 simplex iterations) in 0.01 seconds
Thread count was 2 (of 4 available processors)

Optimal solution found (tolerance 1.00e-04)
Best objective 3.956424485204e+02, best bound 3.956424485204e+02, gap 0.0%
Optimize a model with 5 rows, 15 columns and 25 nonzeros
Coefficient statistics:
  Matrix range    [1e+00, 1e+00]
  Objective range [1e+02, 6e+02]
  Bounds range    [1e+00, 1e+00]
  RHS range       [2e+00, 2e+00]
Found heuristic solution: objective 1500.61
Presolve removed 0 rows and 5 columns
Presolve time: 0.00s
Presolved: 5 rows, 10 columns, 20 nonzeros
Variable types: 0 continuous, 10 integer (10 binary)

Root relaxation: objective 1.216038e+03, 5 iterations, 0.00 seconds

    Nodes    |    Current Node    |     Objective Bounds      |     Work
 Expl Unexpl |  Obj  Depth IntInf | Incumbent    BestBd   Gap | It/Node Time

*    0     0               0    1216.0380630 1216.03806  0.00%     -    0s

Explored 0 nodes (5 simplex iterations) in 0.00 seconds
Thread count was 2 (of 4 available processors)

Optimal solution found (tolerance 1.00e-04)
Best objective 1.216038062988e+03, best bound 1.216038062988e+03, gap 0.0%
Optimize a model with 6 rows, 21 columns and 36 nonzeros
Coefficient statistics:
  Matrix range    [1e+00, 1e+00]
  Objective range [4e+01, 4e+02]
  Bounds range    [1e+00, 1e+00]
  RHS range       [2e+00, 2e+00]
Found heuristic solution: objective 976.773
Presolve removed 0 rows and 6 columns
Presolve time: 0.00s
Presolved: 6 rows, 15 columns, 30 nonzeros
Variable types: 0 continuous, 15 integer (15 binary)

Root relaxation: objective 8.667434e+02, 8 iterations, 0.00 seconds

    Nodes    |    Current Node    |     Objective Bounds      |     Work
 Expl Unexpl |  Obj  Depth IntInf | Incumbent    BestBd   Gap | It/Node Time

*    0     0               0     866.7434121  866.74341  0.00%     -    0s

Explored 0 nodes (8 simplex iterations) in 0.00 seconds
Thread count was 2 (of 4 available processors)

Optimal solution found (tolerance 1.00e-04)
Best objective 8.667434121261e+02, best bound 8.667434121261e+02, gap 0.0%
Optimize a model with 5 rows, 15 columns and 25 nonzeros
Coefficient statistics:
  Matrix range    [1e+00, 1e+00]
  Objective range [6e+01, 2e+02]
  Bounds range    [1e+00, 1e+00]
  RHS range       [2e+00, 2e+00]
Found heuristic solution: objective 563.914
Presolve removed 0 rows and 5 columns
Presolve time: 0.00s
Presolved: 5 rows, 10 columns, 20 nonzeros
Variable types: 0 continuous, 10 integer (10 binary)

Root relaxation: objective 4.819023e+02, 5 iterations, 0.00 seconds

    Nodes    |    Current Node    |     Objective Bounds      |     Work
 Expl Unexpl |  Obj  Depth IntInf | Incumbent    BestBd   Gap | It/Node Time

*    0     0               0     481.9022579  481.90226  0.00%     -    0s

Explored 0 nodes (5 simplex iterations) in 0.00 seconds
Thread count was 2 (of 4 available processors)

Optimal solution found (tolerance 1.00e-04)
Best objective 4.819022579295e+02, best bound 4.819022579295e+02, gap 0.0%

Gurobi 6.0.4 (mac64) logging started Mon Jun 22 09:48:08 2015

Optimize a model with 3 rows, 6 columns and 9 nonzeros
Coefficient statistics:
  Matrix range    [1e+00, 1e+00]
  Objective range [1e+01, 7e+01]
  Bounds range    [1e+00, 1e+00]
  RHS range       [2e+00, 2e+00]
Found heuristic solution: objective 157.622
Presolve removed 3 rows and 6 columns
Presolve time: 0.01s

Explored 0 nodes (0 simplex iterations) in 0.01 seconds
Thread count was 1 (of 4 available processors)

Optimal solution found (tolerance 1.00e-04)
Best objective 1.576217091334e+02, best bound 1.576217091334e+02, gap 0.0%
Optimize a model with 3 rows, 6 columns and 9 nonzeros
Coefficient statistics:
  Matrix range    [1e+00, 1e+00]
  Objective range [9e+01, 1e+02]
  Bounds range    [1e+00, 1e+00]
  RHS range       [2e+00, 2e+00]
Found heuristic solution: objective 296.988
Presolve removed 3 rows and 6 columns
Presolve time: 0.00s

Explored 0 nodes (0 simplex iterations) in 0.00 seconds
Thread count was 1 (of 4 available processors)

Optimal solution found (tolerance 1.00e-04)
Best objective 2.969881423427e+02, best bound 2.969881423427e+02, gap 0.0%
Optimize a model with 5 rows, 15 columns and 25 nonzeros
Coefficient statistics:
  Matrix range    [1e+00, 1e+00]
  Objective range [1e+02, 3e+02]
  Bounds range    [1e+00, 1e+00]
  RHS range       [2e+00, 2e+00]
Found heuristic solution: objective 720.582
Presolve removed 0 rows and 5 columns
Presolve time: 0.00s
Presolved: 5 rows, 10 columns, 20 nonzeros
Variable types: 0 continuous, 10 integer (10 binary)

Root relaxation: cutoff, 5 iterations, 0.00 seconds

    Nodes    |    Current Node    |     Objective Bounds      |     Work
 Expl Unexpl |  Obj  Depth IntInf | Incumbent    BestBd   Gap | It/Node Time

     0     0     cutoff    0       720.58156  720.58156  0.00%     -    0s

Explored 0 nodes (5 simplex iterations) in 0.01 seconds
Thread count was 2 (of 4 available processors)

Optimal solution found (tolerance 1.00e-04)
Best objective 7.205815589507e+02, best bound 7.205815589507e+02, gap 0.0%
Optimize a model with 9 rows, 45 columns and 81 nonzeros
Coefficient statistics:
  Matrix range    [1e+00, 1e+00]
  Objective range [6e-09, 3e+02]
  Bounds range    [1e+00, 1e+00]
  RHS range       [2e+00, 2e+00]
Found heuristic solution: objective 938.565
Presolve removed 0 rows and 9 columns
Presolve time: 0.00s
Presolved: 9 rows, 36 columns, 72 nonzeros
Variable types: 0 continuous, 36 integer (36 binary)

Root relaxation: objective 6.568302e+02, 13 iterations, 0.00 seconds

    Nodes    |    Current Node    |     Objective Bounds      |     Work
 Expl Unexpl |  Obj  Depth IntInf | Incumbent    BestBd   Gap | It/Node Time

*    0     0               0     656.8302165  656.83022  0.00%     -    0s

Explored 0 nodes (13 simplex iterations) in 0.00 seconds
Thread count was 2 (of 4 available processors)

Optimal solution found (tolerance 1.00e-04)
Best objective 6.568302165285e+02, best bound 6.568302165285e+02, gap 0.0%

Gurobi 6.0.4 (mac64) logging started Mon Jun 22 10:21:45 2015

Optimize a model with 3 rows, 6 columns and 9 nonzeros
Coefficient statistics:
  Matrix range    [1e+00, 1e+00]
  Objective range [1e+01, 7e+01]
  Bounds range    [1e+00, 1e+00]
  RHS range       [2e+00, 2e+00]
Found heuristic solution: objective 157.622
Presolve removed 3 rows and 6 columns
Presolve time: 0.01s

Explored 0 nodes (0 simplex iterations) in 0.01 seconds
Thread count was 1 (of 4 available processors)

Optimal solution found (tolerance 1.00e-04)
Best objective 1.576217091334e+02, best bound 1.576217091334e+02, gap 0.0%
Optimize a model with 3 rows, 6 columns and 9 nonzeros
Coefficient statistics:
  Matrix range    [1e+00, 1e+00]
  Objective range [2e+02, 4e+02]
  Bounds range    [1e+00, 1e+00]
  RHS range       [2e+00, 2e+00]
Found heuristic solution: objective 813.352
Presolve removed 3 rows and 6 columns
Presolve time: 0.00s

Explored 0 nodes (0 simplex iterations) in 0.00 seconds
Thread count was 1 (of 4 available processors)

Optimal solution found (tolerance 1.00e-04)
Best objective 8.133516124564e+02, best bound 8.133516124564e+02, gap 0.0%
Optimize a model with 3 rows, 6 columns and 9 nonzeros
Coefficient statistics:
  Matrix range    [1e+00, 1e+00]
  Objective range [2e+02, 4e+02]
  Bounds range    [1e+00, 1e+00]
  RHS range       [2e+00, 2e+00]
Found heuristic solution: objective 813.352
Presolve removed 3 rows and 6 columns
Presolve time: 0.00s

Explored 0 nodes (0 simplex iterations) in 0.00 seconds
Thread count was 1 (of 4 available processors)

Optimal solution found (tolerance 1.00e-04)
Best objective 8.133516124564e+02, best bound 8.133516124564e+02, gap 0.0%
Optimize a model with 3 rows, 6 columns and 9 nonzeros
Coefficient statistics:
  Matrix range    [1e+00, 1e+00]
  Objective range [2e+02, 4e+02]
  Bounds range    [1e+00, 1e+00]
  RHS range       [2e+00, 2e+00]
Found heuristic solution: objective 813.352
Presolve removed 3 rows and 6 columns
Presolve time: 0.00s

Explored 0 nodes (0 simplex iterations) in 0.00 seconds
Thread count was 1 (of 4 available processors)

Optimal solution found (tolerance 1.00e-04)
Best objective 8.133516124564e+02, best bound 8.133516124564e+02, gap 0.0%
Optimize a model with 3 rows, 6 columns and 9 nonzeros
Coefficient statistics:
  Matrix range    [1e+00, 1e+00]
  Objective range [2e+02, 4e+02]
  Bounds range    [1e+00, 1e+00]
  RHS range       [2e+00, 2e+00]
Found heuristic solution: objective 813.352
Presolve removed 3 rows and 6 columns
Presolve time: 0.00s

Explored 0 nodes (0 simplex iterations) in 0.00 seconds
Thread count was 1 (of 4 available processors)

Optimal solution found (tolerance 1.00e-04)
Best objective 8.133516124564e+02, best bound 8.133516124564e+02, gap 0.0%
Optimize a model with 3 rows, 6 columns and 9 nonzeros
Coefficient statistics:
  Matrix range    [1e+00, 1e+00]
  Objective range [2e+02, 4e+02]
  Bounds range    [1e+00, 1e+00]
  RHS range       [2e+00, 2e+00]
Found heuristic solution: objective 813.352
Presolve removed 3 rows and 6 columns
Presolve time: 0.00s

Explored 0 nodes (0 simplex iterations) in 0.00 seconds
Thread count was 1 (of 4 available processors)

Optimal solution found (tolerance 1.00e-04)
Best objective 8.133516124564e+02, best bound 8.133516124564e+02, gap 0.0%
Optimize a model with 3 rows, 6 columns and 9 nonzeros
Coefficient statistics:
  Matrix range    [1e+00, 1e+00]
  Objective range [2e+02, 4e+02]
  Bounds range    [1e+00, 1e+00]
  RHS range       [2e+00, 2e+00]
Found heuristic solution: objective 813.352
Presolve removed 3 rows and 6 columns
Presolve time: 0.00s

Explored 0 nodes (0 simplex iterations) in 0.00 seconds
Thread count was 1 (of 4 available processors)

Optimal solution found (tolerance 1.00e-04)
Best objective 8.133516124564e+02, best bound 8.133516124564e+02, gap 0.0%
Optimize a model with 3 rows, 6 columns and 9 nonzeros
Coefficient statistics:
  Matrix range    [1e+00, 1e+00]
  Objective range [2e+02, 4e+02]
  Bounds range    [1e+00, 1e+00]
  RHS range       [2e+00, 2e+00]
Found heuristic solution: objective 813.352
Presolve removed 3 rows and 6 columns
Presolve time: 0.00s

Explored 0 nodes (0 simplex iterations) in 0.00 seconds
Thread count was 1 (of 4 available processors)

Optimal solution found (tolerance 1.00e-04)
Best objective 8.133516124564e+02, best bound 8.133516124564e+02, gap 0.0%
Optimize a model with 3 rows, 6 columns and 9 nonzeros
Coefficient statistics:
  Matrix range    [1e+00, 1e+00]
  Objective range [2e+02, 4e+02]
  Bounds range    [1e+00, 1e+00]
  RHS range       [2e+00, 2e+00]
Found heuristic solution: objective 813.352
Presolve removed 3 rows and 6 columns
Presolve time: 0.00s

Explored 0 nodes (0 simplex iterations) in 0.00 seconds
Thread count was 1 (of 4 available processors)

Optimal solution found (tolerance 1.00e-04)
Best objective 8.133516124564e+02, best bound 8.133516124564e+02, gap 0.0%
Optimize a model with 3 rows, 6 columns and 9 nonzeros
Coefficient statistics:
  Matrix range    [1e+00, 1e+00]
  Objective range [2e+02, 4e+02]
  Bounds range    [1e+00, 1e+00]
  RHS range       [2e+00, 2e+00]
Found heuristic solution: objective 813.352
Presolve removed 3 rows and 6 columns
Presolve time: 0.00s

Explored 0 nodes (0 simplex iterations) in 0.00 seconds
Thread count was 1 (of 4 available processors)

Optimal solution found (tolerance 1.00e-04)
Best objective 8.133516124564e+02, best bound 8.133516124564e+02, gap 0.0%
Optimize a model with 3 rows, 6 columns and 9 nonzeros
Coefficient statistics:
  Matrix range    [1e+00, 1e+00]
  Objective range [2e+02, 4e+02]
  Bounds range    [1e+00, 1e+00]
  RHS range       [2e+00, 2e+00]
Found heuristic solution: objective 813.352
Presolve removed 3 rows and 6 columns
Presolve time: 0.00s

Explored 0 nodes (0 simplex iterations) in 0.00 seconds
Thread count was 1 (of 4 available processors)

Optimal solution found (tolerance 1.00e-04)
Best objective 8.133516124564e+02, best bound 8.133516124564e+02, gap 0.0%

Gurobi 6.0.4 (mac64) logging started Mon Jun 22 10:23:45 2015

Optimize a model with 3 rows, 6 columns and 9 nonzeros
Coefficient statistics:
  Matrix range    [1e+00, 1e+00]
  Objective range [1e+01, 7e+01]
  Bounds range    [1e+00, 1e+00]
  RHS range       [2e+00, 2e+00]
Found heuristic solution: objective 157.622
Presolve removed 3 rows and 6 columns
Presolve time: 0.00s

Explored 0 nodes (0 simplex iterations) in 0.00 seconds
Thread count was 1 (of 4 available processors)

Optimal solution found (tolerance 1.00e-04)
Best objective 1.576217091334e+02, best bound 1.576217091334e+02, gap 0.0%

Gurobi 6.0.4 (mac64) logging started Mon Jun 22 10:23:54 2015

Optimize a model with 3 rows, 6 columns and 9 nonzeros
Coefficient statistics:
  Matrix range    [1e+00, 1e+00]
  Objective range [1e+01, 7e+01]
  Bounds range    [1e+00, 1e+00]
  RHS range       [2e+00, 2e+00]
Found heuristic solution: objective 157.622
Presolve removed 3 rows and 6 columns
Presolve time: 0.00s

Explored 0 nodes (0 simplex iterations) in 0.00 seconds
Thread count was 1 (of 4 available processors)

Optimal solution found (tolerance 1.00e-04)
Best objective 1.576217091334e+02, best bound 1.576217091334e+02, gap 0.0%

Gurobi 6.0.4 (mac64) logging started Mon Jun 22 10:24:51 2015

Optimize a model with 3 rows, 6 columns and 9 nonzeros
Coefficient statistics:
  Matrix range    [1e+00, 1e+00]
  Objective range [1e+01, 7e+01]
  Bounds range    [1e+00, 1e+00]
  RHS range       [2e+00, 2e+00]
Found heuristic solution: objective 157.622
Presolve removed 3 rows and 6 columns
Presolve time: 0.00s

Explored 0 nodes (0 simplex iterations) in 0.00 seconds
Thread count was 1 (of 4 available processors)

Optimal solution found (tolerance 1.00e-04)
Best objective 1.576217091334e+02, best bound 1.576217091334e+02, gap 0.0%
Optimize a model with 3 rows, 6 columns and 9 nonzeros
Coefficient statistics:
  Matrix range    [1e+00, 1e+00]
  Objective range [2e+02, 4e+02]
  Bounds range    [1e+00, 1e+00]
  RHS range       [2e+00, 2e+00]
Found heuristic solution: objective 813.352
Presolve removed 3 rows and 6 columns
Presolve time: 0.00s

Explored 0 nodes (0 simplex iterations) in 0.00 seconds
Thread count was 1 (of 4 available processors)

Optimal solution found (tolerance 1.00e-04)
Best objective 8.133516124564e+02, best bound 8.133516124564e+02, gap 0.0%
Optimize a model with 3 rows, 6 columns and 9 nonzeros
Coefficient statistics:
  Matrix range    [1e+00, 1e+00]
  Objective range [2e+02, 4e+02]
  Bounds range    [1e+00, 1e+00]
  RHS range       [2e+00, 2e+00]
Found heuristic solution: objective 813.352
Presolve removed 3 rows and 6 columns
Presolve time: 0.00s

Explored 0 nodes (0 simplex iterations) in 0.00 seconds
Thread count was 1 (of 4 available processors)

Optimal solution found (tolerance 1.00e-04)
Best objective 8.133516124564e+02, best bound 8.133516124564e+02, gap 0.0%
Optimize a model with 3 rows, 6 columns and 9 nonzeros
Coefficient statistics:
  Matrix range    [1e+00, 1e+00]
  Objective range [2e+02, 4e+02]
  Bounds range    [1e+00, 1e+00]
  RHS range       [2e+00, 2e+00]
Found heuristic solution: objective 813.352
Presolve removed 3 rows and 6 columns
Presolve time: 0.00s

Explored 0 nodes (0 simplex iterations) in 0.00 seconds
Thread count was 1 (of 4 available processors)

Optimal solution found (tolerance 1.00e-04)
Best objective 8.133516124564e+02, best bound 8.133516124564e+02, gap 0.0%
Optimize a model with 3 rows, 6 columns and 9 nonzeros
Coefficient statistics:
  Matrix range    [1e+00, 1e+00]
  Objective range [2e+02, 4e+02]
  Bounds range    [1e+00, 1e+00]
  RHS range       [2e+00, 2e+00]
Found heuristic solution: objective 813.352
Presolve removed 3 rows and 6 columns
Presolve time: 0.00s

Explored 0 nodes (0 simplex iterations) in 0.00 seconds
Thread count was 1 (of 4 available processors)

Optimal solution found (tolerance 1.00e-04)
Best objective 8.133516124564e+02, best bound 8.133516124564e+02, gap 0.0%
Optimize a model with 3 rows, 6 columns and 9 nonzeros
Coefficient statistics:
  Matrix range    [1e+00, 1e+00]
  Objective range [2e+02, 4e+02]
  Bounds range    [1e+00, 1e+00]
  RHS range       [2e+00, 2e+00]
Found heuristic solution: objective 813.352
Presolve removed 3 rows and 6 columns
Presolve time: 0.00s

Explored 0 nodes (0 simplex iterations) in 0.00 seconds
Thread count was 1 (of 4 available processors)

Optimal solution found (tolerance 1.00e-04)
Best objective 8.133516124564e+02, best bound 8.133516124564e+02, gap 0.0%
Optimize a model with 3 rows, 6 columns and 9 nonzeros
Coefficient statistics:
  Matrix range    [1e+00, 1e+00]
  Objective range [2e+02, 4e+02]
  Bounds range    [1e+00, 1e+00]
  RHS range       [2e+00, 2e+00]
Found heuristic solution: objective 813.352
Presolve removed 3 rows and 6 columns
Presolve time: 0.00s

Explored 0 nodes (0 simplex iterations) in 0.00 seconds
Thread count was 1 (of 4 available processors)

Optimal solution found (tolerance 1.00e-04)
Best objective 8.133516124564e+02, best bound 8.133516124564e+02, gap 0.0%

Gurobi 6.0.4 (mac64) logging started Mon Jun 22 10:25:41 2015

Optimize a model with 3 rows, 6 columns and 9 nonzeros
Coefficient statistics:
  Matrix range    [1e+00, 1e+00]
  Objective range [1e+01, 7e+01]
  Bounds range    [1e+00, 1e+00]
  RHS range       [2e+00, 2e+00]
Found heuristic solution: objective 157.622
Presolve removed 3 rows and 6 columns
Presolve time: 0.00s

Explored 0 nodes (0 simplex iterations) in 0.00 seconds
Thread count was 1 (of 4 available processors)

Optimal solution found (tolerance 1.00e-04)
Best objective 1.576217091334e+02, best bound 1.576217091334e+02, gap 0.0%

Gurobi 6.0.4 (mac64) logging started Mon Jun 22 10:25:48 2015

Optimize a model with 3 rows, 6 columns and 9 nonzeros
Coefficient statistics:
  Matrix range    [1e+00, 1e+00]
  Objective range [1e+01, 7e+01]
  Bounds range    [1e+00, 1e+00]
  RHS range       [2e+00, 2e+00]
Found heuristic solution: objective 157.622
Presolve removed 3 rows and 6 columns
Presolve time: 0.00s

Explored 0 nodes (0 simplex iterations) in 0.00 seconds
Thread count was 1 (of 4 available processors)

Optimal solution found (tolerance 1.00e-04)
Best objective 1.576217091334e+02, best bound 1.576217091334e+02, gap 0.0%
Optimize a model with 3 rows, 6 columns and 9 nonzeros
Coefficient statistics:
  Matrix range    [1e+00, 1e+00]
  Objective range [2e+02, 4e+02]
  Bounds range    [1e+00, 1e+00]
  RHS range       [2e+00, 2e+00]
Found heuristic solution: objective 813.352
Presolve removed 3 rows and 6 columns
Presolve time: 0.00s

Explored 0 nodes (0 simplex iterations) in 0.00 seconds
Thread count was 1 (of 4 available processors)

Optimal solution found (tolerance 1.00e-04)
Best objective 8.133516124564e+02, best bound 8.133516124564e+02, gap 0.0%
Optimize a model with 3 rows, 6 columns and 9 nonzeros
Coefficient statistics:
  Matrix range    [1e+00, 1e+00]
  Objective range [2e+02, 4e+02]
  Bounds range    [1e+00, 1e+00]
  RHS range       [2e+00, 2e+00]
Found heuristic solution: objective 813.352
Presolve removed 3 rows and 6 columns
Presolve time: 0.00s

Explored 0 nodes (0 simplex iterations) in 0.00 seconds
Thread count was 1 (of 4 available processors)

Optimal solution found (tolerance 1.00e-04)
Best objective 8.133516124564e+02, best bound 8.133516124564e+02, gap 0.0%
Optimize a model with 3 rows, 6 columns and 9 nonzeros
Coefficient statistics:
  Matrix range    [1e+00, 1e+00]
  Objective range [2e+02, 4e+02]
  Bounds range    [1e+00, 1e+00]
  RHS range       [2e+00, 2e+00]
Found heuristic solution: objective 813.352
Presolve removed 3 rows and 6 columns
Presolve time: 0.00s

Explored 0 nodes (0 simplex iterations) in 0.00 seconds
Thread count was 1 (of 4 available processors)

Optimal solution found (tolerance 1.00e-04)
Best objective 8.133516124564e+02, best bound 8.133516124564e+02, gap 0.0%
Optimize a model with 3 rows, 6 columns and 9 nonzeros
Coefficient statistics:
  Matrix range    [1e+00, 1e+00]
  Objective range [2e+02, 4e+02]
  Bounds range    [1e+00, 1e+00]
  RHS range       [2e+00, 2e+00]
Found heuristic solution: objective 813.352
Presolve removed 3 rows and 6 columns
Presolve time: 0.00s

Explored 0 nodes (0 simplex iterations) in 0.00 seconds
Thread count was 1 (of 4 available processors)

Optimal solution found (tolerance 1.00e-04)
Best objective 8.133516124564e+02, best bound 8.133516124564e+02, gap 0.0%
Optimize a model with 3 rows, 6 columns and 9 nonzeros
Coefficient statistics:
  Matrix range    [1e+00, 1e+00]
  Objective range [2e+02, 4e+02]
  Bounds range    [1e+00, 1e+00]
  RHS range       [2e+00, 2e+00]
Found heuristic solution: objective 813.352
Presolve removed 3 rows and 6 columns
Presolve time: 0.00s

Explored 0 nodes (0 simplex iterations) in 0.00 seconds
Thread count was 1 (of 4 available processors)

Optimal solution found (tolerance 1.00e-04)
Best objective 8.133516124564e+02, best bound 8.133516124564e+02, gap 0.0%
Optimize a model with 3 rows, 6 columns and 9 nonzeros
Coefficient statistics:
  Matrix range    [1e+00, 1e+00]
  Objective range [2e+02, 4e+02]
  Bounds range    [1e+00, 1e+00]
  RHS range       [2e+00, 2e+00]
Found heuristic solution: objective 813.352
Presolve removed 3 rows and 6 columns
Presolve time: 0.00s

Explored 0 nodes (0 simplex iterations) in 0.00 seconds
Thread count was 1 (of 4 available processors)

Optimal solution found (tolerance 1.00e-04)
Best objective 8.133516124564e+02, best bound 8.133516124564e+02, gap 0.0%
Optimize a model with 3 rows, 6 columns and 9 nonzeros
Coefficient statistics:
  Matrix range    [1e+00, 1e+00]
  Objective range [2e+02, 4e+02]
  Bounds range    [1e+00, 1e+00]
  RHS range       [2e+00, 2e+00]
Found heuristic solution: objective 813.352
Presolve removed 3 rows and 6 columns
Presolve time: 0.00s

Explored 0 nodes (0 simplex iterations) in 0.00 seconds
Thread count was 1 (of 4 available processors)

Optimal solution found (tolerance 1.00e-04)
Best objective 8.133516124564e+02, best bound 8.133516124564e+02, gap 0.0%
Optimize a model with 3 rows, 6 columns and 9 nonzeros
Coefficient statistics:
  Matrix range    [1e+00, 1e+00]
  Objective range [2e+02, 4e+02]
  Bounds range    [1e+00, 1e+00]
  RHS range       [2e+00, 2e+00]
Found heuristic solution: objective 813.352
Presolve removed 3 rows and 6 columns
Presolve time: 0.00s

Explored 0 nodes (0 simplex iterations) in 0.00 seconds
Thread count was 1 (of 4 available processors)

Optimal solution found (tolerance 1.00e-04)
Best objective 8.133516124564e+02, best bound 8.133516124564e+02, gap 0.0%
Optimize a model with 3 rows, 6 columns and 9 nonzeros
Coefficient statistics:
  Matrix range    [1e+00, 1e+00]
  Objective range [2e+02, 4e+02]
  Bounds range    [1e+00, 1e+00]
  RHS range       [2e+00, 2e+00]
Found heuristic solution: objective 813.352
Presolve removed 3 rows and 6 columns
Presolve time: 0.00s

Explored 0 nodes (0 simplex iterations) in 0.00 seconds
Thread count was 1 (of 4 available processors)

Optimal solution found (tolerance 1.00e-04)
Best objective 8.133516124564e+02, best bound 8.133516124564e+02, gap 0.0%
Optimize a model with 3 rows, 6 columns and 9 nonzeros
Coefficient statistics:
  Matrix range    [1e+00, 1e+00]
  Objective range [2e+02, 4e+02]
  Bounds range    [1e+00, 1e+00]
  RHS range       [2e+00, 2e+00]
Found heuristic solution: objective 813.352
Presolve removed 3 rows and 6 columns
Presolve time: 0.00s

Explored 0 nodes (0 simplex iterations) in 0.00 seconds
Thread count was 1 (of 4 available processors)

Optimal solution found (tolerance 1.00e-04)
Best objective 8.133516124564e+02, best bound 8.133516124564e+02, gap 0.0%
